build/app/intermediates/manifest_merge_blame_file/debug/manifest-merger-blame-debug-report.txt
1<?xml version="1.0" encoding="utf-8"?>
2<manifest xmlns:android="http://schemas.android.com/apk/res/android"
3    package="com.mighty.delivery"
4    android:versionCode="25"
5    android:versionName="3.0.12" >
6
7    <uses-sdk
8        android:minSdkVersion="21"
9        android:targetSdkVersion="33" />
10    <!--
11         Flutter needs it to communicate with the running application
12         to allow setting breakpoints, to provide hot reload, etc.
13    -->
14    <uses-permission android:name="android.permission.INTERNET" />
14-->src/main/AndroidManifest.xml:5:5-67
14-->src/main/AndroidManifest.xml:5:22-64
15    <uses-permission android:name="android.permission.ACCESS_MOCK_LOCATION" />
15-->src/debug/AndroidManifest.xml:7:5-8:66
15-->src/debug/AndroidManifest.xml:8:9-63
16    <uses-permission android:name="android.permission.FOREGROUND_SERVICE" />
16-->src/debug/AndroidManifest.xml:9:5-77
16-->src/debug/AndroidManifest.xml:9:22-74
17    <uses-permission android:name="android.permission.ACCESS_BACKGROUND_LOCATION" />
17-->src/debug/AndroidManifest.xml:10:5-85
17-->src/debug/AndroidManifest.xml:10:22-82
18    <uses-permission android:name="android.permission.ACCESS_FINE_LOCATION" />
18-->src/main/AndroidManifest.xml:6:5-79
18-->src/main/AndroidManifest.xml:6:22-76
19    <uses-permission android:name="android.permission.ACCESS_COARSE_LOCATION" />
19-->src/main/AndroidManifest.xml:7:5-81
19-->src/main/AndroidManifest.xml:7:22-78
20    <uses-permission android:name="android.permission.ACCESS_NETWORK_STATE" />
20-->[:nb_utils] AndroidManifest.xml:10:5-79
20-->[:nb_utils] AndroidManifest.xml:10:22-76
21    <uses-permission android:name="android.permission.READ_EXTERNAL_STORAGE" />
21-->[:file_picker] AndroidManifest.xml:9:5-80
21-->[:file_picker] AndroidManifest.xml:9:22-77
22
23    <queries>
23-->[:file_picker] AndroidManifest.xml:11:5-17:15
24        <intent>
24-->[:file_picker] AndroidManifest.xml:12:9-16:18
25            <action android:name="android.intent.action.GET_CONTENT" />
25-->[:file_picker] AndroidManifest.xml:13:13-72
25-->[:file_picker] AndroidManifest.xml:13:21-69
26
27            <data android:mimeType="*/*" />
28        </intent>
29        <intent>
29-->[:flutter_inappwebview] AndroidManifest.xml:10:9-12:18
30            <action android:name="android.support.customtabs.action.CustomTabsService" />
30-->[:flutter_inappwebview] AndroidManifest.xml:11:13-90
30-->[:flutter_inappwebview] AndroidManifest.xml:11:21-87
31        </intent>
32        <intent>
32-->[com.razorpay:checkout:1.6.32] AndroidManifest.xml:11:9-17:18
33            <action android:name="android.intent.action.VIEW" />
33-->[com.onesignal:OneSignal:4.8.5] AndroidManifest.xml:77:17-69
33-->[com.onesignal:OneSignal:4.8.5] AndroidManifest.xml:77:25-66
34
35            <data
36                android:mimeType="*/*"
37                android:scheme="*" />
38        </intent>
39        <intent>
39-->[com.razorpay:checkout:1.6.32] AndroidManifest.xml:18:9-27:18
40            <action android:name="android.intent.action.VIEW" />
40-->[com.onesignal:OneSignal:4.8.5] AndroidManifest.xml:77:17-69
40-->[com.onesignal:OneSignal:4.8.5] AndroidManifest.xml:77:25-66
41
42            <category android:name="android.intent.category.BROWSABLE" />
42-->[com.razorpay:checkout:1.6.32] AndroidManifest.xml:21:13-74
42-->[com.razorpay:checkout:1.6.32] AndroidManifest.xml:21:23-71
43
44            <data
45                android:host="pay"
46                android:mimeType="*/*"
47                android:scheme="upi" />
48        </intent>
49        <intent>
49-->[com.razorpay:checkout:1.6.32] AndroidManifest.xml:28:9-30:18
50            <action android:name="android.intent.action.MAIN" />
50-->[com.razorpay:checkout:1.6.32] AndroidManifest.xml:29:13-65
50-->[com.razorpay:checkout:1.6.32] AndroidManifest.xml:29:21-62
51        </intent>
52        <intent>
52-->[com.razorpay:checkout:1.6.32] AndroidManifest.xml:31:9-35:18
53            <action android:name="android.intent.action.SEND" />
53-->[com.razorpay:checkout:1.6.32] AndroidManifest.xml:32:13-65
53-->[com.razorpay:checkout:1.6.32] AndroidManifest.xml:32:21-62
54
55            <data android:mimeType="*/*" />
56        </intent>
57        <intent>
57-->[com.razorpay:checkout:1.6.32] AndroidManifest.xml:36:9-38:18
58            <action android:name="rzp.device_token.share" />
58-->[com.razorpay:checkout:1.6.32] AndroidManifest.xml:37:13-61
58-->[com.razorpay:checkout:1.6.32] AndroidManifest.xml:37:21-58
59        </intent> <!-- Added to check the default browser that will host the AuthFlow. -->
60        <intent>
60-->[com.stripe:financial-connections:20.4.0] AndroidManifest.xml:15:9-19:18
61            <action android:name="android.intent.action.VIEW" />
61-->[com.onesignal:OneSignal:4.8.5] AndroidManifest.xml:77:17-69
61-->[com.onesignal:OneSignal:4.8.5] AndroidManifest.xml:77:25-66
62
63            <data android:scheme="http" />
64        </intent> <!-- Added to check if Chrome is installed for browser-based payment authentication (e.g. 3DS1). -->
65        <package android:name="com.android.chrome" /> <!-- Specific apps you interact with, eg: -->
65-->[com.stripe:payments-core:20.4.0] AndroidManifest.xml:13:9-54
65-->[com.stripe:payments-core:20.4.0] AndroidManifest.xml:13:18-51
66        <package android:name="com.paytm.pgsdk.TransactionManager.PAYTM_APP_PACKAGE" />
66-->[com.paytm.appinvokesdk:appinvokesdk:1.6.4] AndroidManifest.xml:12:9-88
66-->[com.paytm.appinvokesdk:appinvokesdk:1.6.4] AndroidManifest.xml:12:18-85
67
68        <intent>
68-->[com.braintreepayments:browser-switch:1.1.3] AndroidManifest.xml:12:9-18:18
69            <action android:name="android.intent.action.VIEW" />
69-->[com.onesignal:OneSignal:4.8.5] AndroidManifest.xml:77:17-69
69-->[com.onesignal:OneSignal:4.8.5] AndroidManifest.xml:77:25-66
70
71            <category android:name="android.intent.category.BROWSABLE" />
71-->[com.razorpay:checkout:1.6.32] AndroidManifest.xml:21:13-74
71-->[com.razorpay:checkout:1.6.32] AndroidManifest.xml:21:23-71
72
73            <data android:scheme="https" />
74        </intent> <!-- Needs to be explicitly declared on Android R+ -->
75        <package android:name="com.google.android.apps.maps" />
75-->[com.google.android.gms:play-services-maps:18.1.0] AndroidManifest.xml:33:9-64
75-->[com.google.android.gms:play-services-maps:18.1.0] AndroidManifest.xml:33:18-61
76    </queries> <!-- Create a unique permission for your app and use it so only your app can receive your OneSignal messages. -->
77    <permission
77-->[com.onesignal:OneSignal:4.8.5] AndroidManifest.xml:7:5-9:47
78        android:name="com.mighty.delivery.permission.C2D_MESSAGE"
78-->[com.onesignal:OneSignal:4.8.5] AndroidManifest.xml:8:9-63
79        android:protectionLevel="signature" />
79-->[com.onesignal:OneSignal:4.8.5] AndroidManifest.xml:9:9-44
80
81    <uses-permission android:name="com.mighty.delivery.permission.C2D_MESSAGE" /> <!-- OneSignal SDK has runtime checks Android version. -->
81-->[com.onesignal:OneSignal:4.8.5] AndroidManifest.xml:11:5-79
81-->[com.onesignal:OneSignal:4.8.5] AndroidManifest.xml:11:22-76
82    <!-- <uses-sdk tools:overrideLibrary="android.support.customtabs"/> -->
83    <!-- Required runtime permission to display notifications on Android 13 -->
84    <uses-permission android:name="android.permission.POST_NOTIFICATIONS" /> <!-- c2dm RECEIVE are basic requirements for push messages through Google's FCM -->
84-->[com.onesignal:OneSignal:4.8.5] AndroidManifest.xml:16:5-77
84-->[com.onesignal:OneSignal:4.8.5] AndroidManifest.xml:16:22-74
85    <uses-permission android:name="com.google.android.c2dm.permission.RECEIVE" /> <!-- Required, makes sure notifications are delivered on time. -->
85-->[com.onesignal:OneSignal:4.8.5] AndroidManifest.xml:18:5-82
85-->[com.onesignal:OneSignal:4.8.5] AndroidManifest.xml:18:22-79
86    <uses-permission android:name="android.permission.WAKE_LOCK" />
86-->[com.onesignal:OneSignal:4.8.5] AndroidManifest.xml:19:5-68
86-->[com.onesignal:OneSignal:4.8.5] AndroidManifest.xml:19:22-65
87    <!--
88 Required so the device vibrates on receiving a push notification.
89         Vibration settings of the device still apply.
90    -->
91    <uses-permission
91-->[com.onesignal:OneSignal:4.8.5] AndroidManifest.xml:24:5-66
92        android:name="android.permission.VIBRATE"
92-->[com.onesignal:OneSignal:4.8.5] AndroidManifest.xml:24:22-63
93        android:required="false" />
93-->[com.mercadopago.android.px:checkout:4.53.2] AndroidManifest.xml:14:9-33
94    <!--
95 Use to restore notifications the user hasn't interacted with.
96         They could be missed notifications if the user reboots their device if this isn't in place.
97    -->
98    <uses-permission android:name="android.permission.RECEIVE_BOOT_COMPLETED" /> <!-- START: ShortcutBadger -->
98-->[com.onesignal:OneSignal:4.8.5] AndroidManifest.xml:30:5-81
98-->[com.onesignal:OneSignal:4.8.5] AndroidManifest.xml:30:22-78
99    <!-- Samsung -->
100    <uses-permission android:name="com.sec.android.provider.badge.permission.READ" />
100-->[com.onesignal:OneSignal:4.8.5] AndroidManifest.xml:32:5-86
100-->[com.onesignal:OneSignal:4.8.5] AndroidManifest.xml:32:22-83
101    <uses-permission android:name="com.sec.android.provider.badge.permission.WRITE" /> <!-- HTC -->
101-->[com.onesignal:OneSignal:4.8.5] AndroidManifest.xml:33:5-87
101-->[com.onesignal:OneSignal:4.8.5] AndroidManifest.xml:33:22-84
102    <uses-permission android:name="com.htc.launcher.permission.READ_SETTINGS" />
102-->[com.onesignal:OneSignal:4.8.5] AndroidManifest.xml:34:5-81
102-->[com.onesignal:OneSignal:4.8.5] AndroidManifest.xml:34:22-78
103    <uses-permission android:name="com.htc.launcher.permission.UPDATE_SHORTCUT" /> <!-- Sony -->
103-->[com.onesignal:OneSignal:4.8.5] AndroidManifest.xml:35:5-83
103-->[com.onesignal:OneSignal:4.8.5] AndroidManifest.xml:35:22-80
104    <uses-permission android:name="com.sonyericsson.home.permission.BROADCAST_BADGE" />
104-->[com.onesignal:OneSignal:4.8.5] AndroidManifest.xml:36:5-88
104-->[com.onesignal:OneSignal:4.8.5] AndroidManifest.xml:36:22-85
105    <uses-permission android:name="com.sonymobile.home.permission.PROVIDER_INSERT_BADGE" /> <!-- Apex -->
105-->[com.onesignal:OneSignal:4.8.5] AndroidManifest.xml:37:5-92
105-->[com.onesignal:OneSignal:4.8.5] AndroidManifest.xml:37:22-89
106    <uses-permission android:name="com.anddoes.launcher.permission.UPDATE_COUNT" /> <!-- Solid -->
106-->[com.onesignal:OneSignal:4.8.5] AndroidManifest.xml:38:5-84
106-->[com.onesignal:OneSignal:4.8.5] AndroidManifest.xml:38:22-81
107    <uses-permission android:name="com.majeur.launcher.permission.UPDATE_BADGE" /> <!-- Huawei -->
107-->[com.onesignal:OneSignal:4.8.5] AndroidManifest.xml:39:5-83
107-->[com.onesignal:OneSignal:4.8.5] AndroidManifest.xml:39:22-80
108    <uses-permission android:name="com.huawei.android.launcher.permission.CHANGE_BADGE" />
108-->[com.onesignal:OneSignal:4.8.5] AndroidManifest.xml:40:5-91
108-->[com.onesignal:OneSignal:4.8.5] AndroidManifest.xml:40:22-88
109    <uses-permission android:name="com.huawei.android.launcher.permission.READ_SETTINGS" />
109-->[com.onesignal:OneSignal:4.8.5] AndroidManifest.xml:41:5-92
109-->[com.onesignal:OneSignal:4.8.5] AndroidManifest.xml:41:22-89
110    <uses-permission android:name="com.huawei.android.launcher.permission.WRITE_SETTINGS" /> <!-- ZUK -->
110-->[com.onesignal:OneSignal:4.8.5] AndroidManifest.xml:42:5-93
110-->[com.onesignal:OneSignal:4.8.5] AndroidManifest.xml:42:22-90
111    <uses-permission android:name="android.permission.READ_APP_BADGE" /> <!-- OPPO -->
111-->[com.onesignal:OneSignal:4.8.5] AndroidManifest.xml:43:5-73
111-->[com.onesignal:OneSignal:4.8.5] AndroidManifest.xml:43:22-70
112    <uses-permission android:name="com.oppo.launcher.permission.READ_SETTINGS" />
112-->[com.onesignal:OneSignal:4.8.5] AndroidManifest.xml:44:5-82
112-->[com.onesignal:OneSignal:4.8.5] AndroidManifest.xml:44:22-79
113    <uses-permission android:name="com.oppo.launcher.permission.WRITE_SETTINGS" /> <!-- EvMe -->
113-->[com.onesignal:OneSignal:4.8.5] AndroidManifest.xml:45:5-83
113-->[com.onesignal:OneSignal:4.8.5] AndroidManifest.xml:45:22-80
114    <uses-permission android:name="me.everything.badger.permission.BADGE_COUNT_READ" />
114-->[com.onesignal:OneSignal:4.8.5] AndroidManifest.xml:46:5-88
114-->[com.onesignal:OneSignal:4.8.5] AndroidManifest.xml:46:22-85
115    <uses-permission android:name="me.everything.badger.permission.BADGE_COUNT_WRITE" />
115-->[com.onesignal:OneSignal:4.8.5] AndroidManifest.xml:47:5-89
115-->[com.onesignal:OneSignal:4.8.5] AndroidManifest.xml:47:22-86
116
117    <uses-feature
117-->[com.mercadopago.android.px:checkout:4.53.2] AndroidManifest.xml:16:5-18:36
118        android:name="android.hardware.location.gps"
118-->[com.mercadopago.android.px:checkout:4.53.2] AndroidManifest.xml:17:9-53
119        android:required="false" />
119-->[com.mercadopago.android.px:checkout:4.53.2] AndroidManifest.xml:18:9-33
120
121    <uses-permission android:name="android.permission.READ_PHONE_STATE" />
121-->[com.paytabs:payment-sdk:6.4.12] AndroidManifest.xml:13:5-75
121-->[com.paytabs:payment-sdk:6.4.12] AndroidManifest.xml:13:22-72
122    <uses-permission android:name="android.permission.ACCESS_WIFI_STATE" />
122-->[com.paytabs:payment-sdk:6.4.12] AndroidManifest.xml:14:5-76
122-->[com.paytabs:payment-sdk:6.4.12] AndroidManifest.xml:14:22-73
123    <uses-permission android:name="android.permission.CAMERA" />
123-->[com.paytabs:scan-card:0.0.6] AndroidManifest.xml:11:5-65
123-->[com.paytabs:scan-card:0.0.6] AndroidManifest.xml:11:22-62
124    <uses-permission android:name="android.permission.FLASHLIGHT" />
124-->[com.paytabs:scan-card:0.0.6] AndroidManifest.xml:12:5-69
124-->[com.paytabs:scan-card:0.0.6] AndroidManifest.xml:12:22-66
125
126    <uses-feature
126-->[com.paytabs:scan-card:0.0.6] AndroidManifest.xml:14:5-16:36
127        android:name="android.hardware.CAMERA"
127-->[com.paytabs:scan-card:0.0.6] AndroidManifest.xml:15:9-47
128        android:required="false" />
128-->[com.paytabs:scan-card:0.0.6] AndroidManifest.xml:16:9-33
129    <uses-feature
129-->[com.paytabs:scan-card:0.0.6] AndroidManifest.xml:17:5-19:36
130        android:name="android.hardware.camera.AUTOFOCUS"
130-->[com.paytabs:scan-card:0.0.6] AndroidManifest.xml:18:9-57
131        android:required="false" />
131-->[com.paytabs:scan-card:0.0.6] AndroidManifest.xml:19:9-33
132    <uses-feature
132-->[com.paytabs:scan-card:0.0.6] AndroidManifest.xml:20:5-22:35
133        android:glEsVersion="0x00020000"
133-->[com.paytabs:scan-card:0.0.6] AndroidManifest.xml:21:9-41
134        android:required="true" />
134-->[com.paytabs:scan-card:0.0.6] AndroidManifest.xml:22:9-32
135
136    <uses-permission android:name="android.permission.REORDER_TASKS" />
136-->[androidx.test:core:1.4.0] AndroidManifest.xml:24:5-72
136-->[androidx.test:core:1.4.0] AndroidManifest.xml:24:22-69
137
138    <permission
138-->[androidx.core:core:1.10.1] AndroidManifest.xml:22:5-24:47
139        android:name="com.mighty.delivery.DYNAMIC_RECEIVER_NOT_EXPORTED_PERMISSION"
139-->[androidx.core:core:1.10.1] AndroidManifest.xml:23:9-81
140        android:protectionLevel="signature" />
140-->[androidx.core:core:1.10.1] AndroidManifest.xml:24:9-44
141
142    <uses-permission android:name="com.mighty.delivery.DYNAMIC_RECEIVER_NOT_EXPORTED_PERMISSION" />
142-->[androidx.core:core:1.10.1] AndroidManifest.xml:26:5-97
142-->[androidx.core:core:1.10.1] AndroidManifest.xml:26:22-94
143
144    <application
145        android:name="android.app.Application"
146        android:allowBackup="false"
146-->[com.paytabs:payment-sdk:6.4.12] AndroidManifest.xml:17:9-36
147        android:appComponentFactory="androidx.core.app.CoreComponentFactory"
147-->[androidx.core:core:1.10.1] AndroidManifest.xml:28:18-86
148        android:dataExtractionRules="@xml/data_extraction_rules"
148-->[com.paytabs:payment-sdk:6.4.12] AndroidManifest.xml:18:9-65
149        android:debuggable="true"
150        android:fullBackupContent="false"
150-->[com.paytabs:payment-sdk:6.4.12] AndroidManifest.xml:19:9-42
151        android:icon="@mipmap/launcher_icon"
152        android:label="La Poste"
153        android:supportsRtl="true" >
153-->[com.braintreepayments.api:drop-in:5.2.1] AndroidManifest.xml:16:9-35
154        <meta-data
155            android:name="com.google.android.geo.API_KEY"
156            android:value="ADD_YOUR_GOOGLE_MAP_KEY" />
157
158        <activity
159            android:name="com.mighty.delivery.MainActivity"
160            android:configChanges="orientation|keyboardHidden|keyboard|screenSize|smallestScreenSize|locale|layoutDirection|fontScale|screenLayout|density|uiMode"
161            android:exported="true"
162            android:hardwareAccelerated="true"
163            android:launchMode="singleTop"
164            android:theme="@style/LaunchTheme"
165            android:windowSoftInputMode="adjustResize" >
166
167            <!--
168                 Specifies an Android theme to apply to this Activity as soon as
169                 the Android process has started. This theme is visible to the user
170                 while the Flutter UI initializes. After that, this theme continues
171                 to determine the Window background behind the Flutter UI.
172            -->
173            <meta-data
174                android:name="io.flutter.embedding.android.NormalTheme"
175                android:resource="@style/NormalTheme" />
176
177            <intent-filter>
178                <action android:name="android.intent.action.MAIN" />
178-->[com.razorpay:checkout:1.6.32] AndroidManifest.xml:29:13-65
178-->[com.razorpay:checkout:1.6.32] AndroidManifest.xml:29:21-62
179
180                <category android:name="android.intent.category.LAUNCHER" />
181            </intent-filter>
182        </activity>
183        <activity
184            android:name="com.braintreepayments.api.BraintreeBrowserSwitchActivity"
185            android:exported="true"
186            android:launchMode="singleTask" >
187            <intent-filter>
188                <action android:name="android.intent.action.VIEW" />
188-->[com.onesignal:OneSignal:4.8.5] AndroidManifest.xml:77:17-69
188-->[com.onesignal:OneSignal:4.8.5] AndroidManifest.xml:77:25-66
189
190                <category android:name="android.intent.category.DEFAULT" />
190-->[com.mercadopago.android.px:checkout:4.53.2] AndroidManifest.xml:50:17-76
190-->[com.mercadopago.android.px:checkout:4.53.2] AndroidManifest.xml:50:27-73
191                <category android:name="android.intent.category.BROWSABLE" />
191-->[com.razorpay:checkout:1.6.32] AndroidManifest.xml:21:13-74
191-->[com.razorpay:checkout:1.6.32] AndroidManifest.xml:21:23-71
192
193                <data android:scheme="com.mighty.delivery.braintree" />
194            </intent-filter>
195        </activity>
196        <activity
197            android:name="com.mercadopago.android.px.internal.features.checkout.CheckoutActivity"
198            android:exported="true"
199            android:label=""
199-->[com.mercadopago.android.px:checkout:4.53.2] AndroidManifest.xml:42:13-29
200            android:launchMode="singleTask"
200-->[com.mercadopago.android.px:checkout:4.53.2] AndroidManifest.xml:43:13-44
201            android:screenOrientation="sensorPortrait"
201-->[com.mercadopago.android.px:checkout:4.53.2] AndroidManifest.xml:44:13-55
202            android:theme="@style/Theme.MercadoPagoTheme.NoActionBar"
202-->[com.mercadopago.android.px:checkout:4.53.2] AndroidManifest.xml:45:13-70
203            android:windowSoftInputMode="adjustResize" >
203-->[com.mercadopago.android.px:checkout:4.53.2] AndroidManifest.xml:46:13-55
204            <intent-filter>
204-->[com.mercadopago.android.px:checkout:4.53.2] AndroidManifest.xml:47:13-57:29
205                <action android:name="android.intent.action.VIEW" />
205-->[com.onesignal:OneSignal:4.8.5] AndroidManifest.xml:77:17-69
205-->[com.onesignal:OneSignal:4.8.5] AndroidManifest.xml:77:25-66
206
207                <category android:name="android.intent.category.DEFAULT" />
207-->[com.mercadopago.android.px:checkout:4.53.2] AndroidManifest.xml:50:17-76
207-->[com.mercadopago.android.px:checkout:4.53.2] AndroidManifest.xml:50:27-73
208                <category android:name="android.intent.category.BROWSABLE" />
208-->[com.razorpay:checkout:1.6.32] AndroidManifest.xml:21:13-74
208-->[com.razorpay:checkout:1.6.32] AndroidManifest.xml:21:23-71
209
210                <data
211                    android:host="px"
212                    android:path="/one_tap"
213                    android:scheme="mercadopago" />
214            </intent-filter>
215            <intent-filter>
215-->[com.mercadopago.android.px:checkout:4.53.2] AndroidManifest.xml:58:13-68:29
216                <action android:name="android.intent.action.VIEW" />
216-->[com.onesignal:OneSignal:4.8.5] AndroidManifest.xml:77:17-69
216-->[com.onesignal:OneSignal:4.8.5] AndroidManifest.xml:77:25-66
217
218                <category android:name="android.intent.category.DEFAULT" />
218-->[com.mercadopago.android.px:checkout:4.53.2] AndroidManifest.xml:50:17-76
218-->[com.mercadopago.android.px:checkout:4.53.2] AndroidManifest.xml:50:27-73
219                <category android:name="android.intent.category.BROWSABLE" />
219-->[com.razorpay:checkout:1.6.32] AndroidManifest.xml:21:13-74
219-->[com.razorpay:checkout:1.6.32] AndroidManifest.xml:21:23-71
220
221                <data
222                    android:host="px"
223                    android:path="/one_tap"
224                    android:scheme="meli" />
225            </intent-filter>
226        </activity>
227        <!--
228             Don't delete the meta-data below.
229             This is used by the Flutter tool to generate GeneratedPluginRegistrant.java
230        -->
231        <meta-data
232            android:name="flutterEmbedding"
233            android:value="2" />
234        <meta-data
235            android:name="com.onesignal.messaging.default_notification_icon"
236            android:resource="@drawable/ic_stat_onesignal_default" />
237
238        <service
238-->[:firebase_database] AndroidManifest.xml:10:9-14:19
239            android:name="com.google.firebase.components.ComponentDiscoveryService"
239-->[:firebase_database] AndroidManifest.xml:10:18-89
240            android:directBootAware="true"
240-->[com.google.firebase:firebase-common:20.1.2] AndroidManifest.xml:35:13-43
241            android:exported="false" >
241-->[com.google.firebase:firebase-auth:21.0.8] AndroidManifest.xml:66:13-37
242            <meta-data
242-->[:firebase_database] AndroidManifest.xml:11:13-13:85
243                android:name="com.google.firebase.components:io.flutter.plugins.firebase.database.FlutterFirebaseAppRegistrar"
243-->[:firebase_database] AndroidManifest.xml:12:17-127
244                android:value="com.google.firebase.components.ComponentRegistrar" />
244-->[:firebase_database] AndroidManifest.xml:13:17-82
245            <meta-data
245-->[:firebase_crashlytics] AndroidManifest.xml:11:13-13:85
246                android:name="com.google.firebase.components:io.flutter.plugins.firebase.crashlytics.FlutterFirebaseAppRegistrar"
246-->[:firebase_crashlytics] AndroidManifest.xml:12:17-130
247                android:value="com.google.firebase.components.ComponentRegistrar" />
247-->[:firebase_crashlytics] AndroidManifest.xml:13:17-82
248            <meta-data
248-->[:cloud_firestore] AndroidManifest.xml:11:13-13:85
249                android:name="com.google.firebase.components:io.flutter.plugins.firebase.firestore.FlutterFirebaseFirestoreRegistrar"
249-->[:cloud_firestore] AndroidManifest.xml:12:17-134
250                android:value="com.google.firebase.components.ComponentRegistrar" />
250-->[:cloud_firestore] AndroidManifest.xml:13:17-82
251            <meta-data
251-->[:firebase_auth] AndroidManifest.xml:11:13-13:85
252                android:name="com.google.firebase.components:io.flutter.plugins.firebase.auth.FlutterFirebaseAuthRegistrar"
252-->[:firebase_auth] AndroidManifest.xml:12:17-124
253                android:value="com.google.firebase.components.ComponentRegistrar" />
253-->[:firebase_auth] AndroidManifest.xml:13:17-82
254            <meta-data
254-->[:firebase_storage] AndroidManifest.xml:11:13-13:85
255                android:name="com.google.firebase.components:io.flutter.plugins.firebase.storage.FlutterFirebaseAppRegistrar"
255-->[:firebase_storage] AndroidManifest.xml:12:17-126
256                android:value="com.google.firebase.components.ComponentRegistrar" />
256-->[:firebase_storage] AndroidManifest.xml:13:17-82
257            <meta-data
257-->[:firebase_core] AndroidManifest.xml:11:13-13:85
258                android:name="com.google.firebase.components:io.flutter.plugins.firebase.core.FlutterFirebaseCoreRegistrar"
258-->[:firebase_core] AndroidManifest.xml:12:17-124
259                android:value="com.google.firebase.components.ComponentRegistrar" />
259-->[:firebase_core] AndroidManifest.xml:13:17-82
260            <meta-data
260-->[com.google.firebase:firebase-auth:21.0.8] AndroidManifest.xml:67:13-69:85
261                android:name="com.google.firebase.components:com.google.firebase.auth.FirebaseAuthRegistrar"
261-->[com.google.firebase:firebase-auth:21.0.8] AndroidManifest.xml:68:17-109
262                android:value="com.google.firebase.components.ComponentRegistrar" />
262-->[com.google.firebase:firebase-auth:21.0.8] AndroidManifest.xml:69:17-82
263            <meta-data
263-->[com.google.firebase:firebase-database:20.0.6] AndroidManifest.xml:32:13-34:85
264                android:name="com.google.firebase.components:com.google.firebase.database.DatabaseRegistrar"
264-->[com.google.firebase:firebase-database:20.0.6] AndroidManifest.xml:33:17-109
265                android:value="com.google.firebase.components.ComponentRegistrar" />
265-->[com.google.firebase:firebase-database:20.0.6] AndroidManifest.xml:34:17-82
266            <meta-data
266-->[com.google.firebase:firebase-firestore:24.3.1] AndroidManifest.xml:20:13-22:85
267                android:name="com.google.firebase.components:com.google.firebase.firestore.FirestoreRegistrar"
267-->[com.google.firebase:firebase-firestore:24.3.1] AndroidManifest.xml:21:17-111
268                android:value="com.google.firebase.components.ComponentRegistrar" />
268-->[com.google.firebase:firebase-firestore:24.3.1] AndroidManifest.xml:22:17-82
269            <meta-data
269-->[com.google.firebase:firebase-storage:20.0.2] AndroidManifest.xml:33:13-35:85
270                android:name="com.google.firebase.components:com.google.firebase.storage.StorageRegistrar"
270-->[com.google.firebase:firebase-storage:20.0.2] AndroidManifest.xml:34:17-107
271                android:value="com.google.firebase.components.ComponentRegistrar" />
271-->[com.google.firebase:firebase-storage:20.0.2] AndroidManifest.xml:35:17-82
272            <meta-data
272-->[com.google.firebase:firebase-messaging:23.0.8] AndroidManifest.xml:56:13-58:85
273                android:name="com.google.firebase.components:com.google.firebase.messaging.FirebaseMessagingRegistrar"
273-->[com.google.firebase:firebase-messaging:23.0.8] AndroidManifest.xml:57:17-119
274                android:value="com.google.firebase.components.ComponentRegistrar" />
274-->[com.google.firebase:firebase-messaging:23.0.8] AndroidManifest.xml:58:17-82
275            <meta-data
275-->[com.google.firebase:firebase-crashlytics:18.2.13] AndroidManifest.xml:18:13-20:85
276                android:name="com.google.firebase.components:com.google.firebase.crashlytics.CrashlyticsRegistrar"
276-->[com.google.firebase:firebase-crashlytics:18.2.13] AndroidManifest.xml:19:17-115
277                android:value="com.google.firebase.components.ComponentRegistrar" />
277-->[com.google.firebase:firebase-crashlytics:18.2.13] AndroidManifest.xml:20:17-82
278            <meta-data
278-->[com.google.firebase:firebase-installations:17.0.3] AndroidManifest.xml:18:13-20:85
279                android:name="com.google.firebase.components:com.google.firebase.installations.FirebaseInstallationsRegistrar"
279-->[com.google.firebase:firebase-installations:17.0.3] AndroidManifest.xml:19:17-127
280                android:value="com.google.firebase.components.ComponentRegistrar" />
280-->[com.google.firebase:firebase-installations:17.0.3] AndroidManifest.xml:20:17-82
281            <meta-data
281-->[com.google.firebase:firebase-datatransport:18.1.6] AndroidManifest.xml:28:13-30:85
282                android:name="com.google.firebase.components:com.google.firebase.datatransport.TransportRegistrar"
282-->[com.google.firebase:firebase-datatransport:18.1.6] AndroidManifest.xml:29:17-115
283                android:value="com.google.firebase.components.ComponentRegistrar" />
283-->[com.google.firebase:firebase-datatransport:18.1.6] AndroidManifest.xml:30:17-82
284        </service>
285
286        <activity
286-->[:flutter_braintree] AndroidManifest.xml:10:9-13:20
287            android:name="com.example.flutter_braintree.FlutterBraintreeCustom"
287-->[:flutter_braintree] AndroidManifest.xml:11:13-80
288            android:theme="@style/bt_transparent_activity" >
288-->[:flutter_braintree] AndroidManifest.xml:12:13-59
289        </activity>
290
291        <service
291-->[:geolocator_android] AndroidManifest.xml:12:9-16:56
292            android:name="com.baseflow.geolocator.GeolocatorLocationService"
292-->[:geolocator_android] AndroidManifest.xml:13:13-77
293            android:enabled="true"
293-->[:geolocator_android] AndroidManifest.xml:14:13-35
294            android:exported="false"
294-->[:geolocator_android] AndroidManifest.xml:15:13-37
295            android:foregroundServiceType="location" />
295-->[:geolocator_android] AndroidManifest.xml:16:13-53
296
297        <activity